<?xml version="1.0" encoding="UTF-8"?>
<testsuite xmlns:xsi="http://www.w3.org/2001/XMLSchema-instance" xsi:noNamespaceSchemaLocation="https://maven.apache.org/surefire/maven-surefire-plugin/xsd/surefire-test-report-3.0.xsd" version="3.0" name="com.example.realityshow.RealityShowIntegratedTests" time="15.145" tests="1" errors="0" skipped="0" failures="0">
  <properties>
    <property name="awt.toolkit" value="sun.awt.X11.XToolkit"/>
    <property name="java.specification.version" value="11"/>
    <property name="sun.cpu.isalist" value=""/>
    <property name="sun.jnu.encoding" value="UTF-8"/>
    <property name="java.class.path" value="/home/diego/Development/projects/reality-show/integrated-tests/target/test-classes:/home/diego/Development/projects/reality-show/integrated-tests/target/classes:/home/diego/.m2/repository/org/slf4j/slf4j-simple/1.7.30/slf4j-simple-1.7.30.jar:/home/diego/.m2/repository/org/slf4j/slf4j-api/1.7.30/slf4j-api-1.7.30.jar:/home/diego/.m2/repository/org/testcontainers/testcontainers/1.15.3/testcontainers-1.15.3.jar:/home/diego/.m2/repository/junit/junit/4.12/junit-4.12.jar:/home/diego/.m2/repository/org/hamcrest/hamcrest-core/1.3/hamcrest-core-1.3.jar:/home/diego/.m2/repository/org/apache/commons/commons-compress/1.20/commons-compress-1.20.jar:/home/diego/.m2/repository/org/rnorth/duct-tape/duct-tape/1.0.8/duct-tape-1.0.8.jar:/home/diego/.m2/repository/org/rnorth/visible-assertions/visible-assertions/2.1.2/visible-assertions-2.1.2.jar:/home/diego/.m2/repository/net/java/dev/jna/jna/5.2.0/jna-5.2.0.jar:/home/diego/.m2/repository/com/github/docker-java/docker-java-api/3.2.8/docker-java-api-3.2.8.jar:/home/diego/.m2/repository/com/fasterxml/jackson/core/jackson-annotations/2.10.3/jackson-annotations-2.10.3.jar:/home/diego/.m2/repository/com/github/docker-java/docker-java-transport-zerodep/3.2.8/docker-java-transport-zerodep-3.2.8.jar:/home/diego/.m2/repository/com/github/docker-java/docker-java-transport/3.2.8/docker-java-transport-3.2.8.jar:/home/diego/.m2/repository/org/testcontainers/mongodb/1.15.3/mongodb-1.15.3.jar:/home/diego/.m2/repository/org/testcontainers/rabbitmq/1.15.3/rabbitmq-1.15.3.jar:/home/diego/.m2/repository/org/awaitility/awaitility/4.1.0/awaitility-4.1.0.jar:/home/diego/.m2/repository/org/hamcrest/hamcrest/2.1/hamcrest-2.1.jar:/home/diego/.m2/repository/org/junit/jupiter/junit-jupiter-engine/5.7.2/junit-jupiter-engine-5.7.2.jar:/home/diego/.m2/repository/org/apiguardian/apiguardian-api/1.1.0/apiguardian-api-1.1.0.jar:/home/diego/.m2/repository/org/junit/platform/junit-platform-engine/1.7.2/junit-platform-engine-1.7.2.jar:/home/diego/.m2/repository/org/opentest4j/opentest4j/1.2.0/opentest4j-1.2.0.jar:/home/diego/.m2/repository/org/junit/platform/junit-platform-commons/1.7.2/junit-platform-commons-1.7.2.jar:/home/diego/.m2/repository/org/junit/jupiter/junit-jupiter-api/5.7.2/junit-jupiter-api-5.7.2.jar:/home/diego/.m2/repository/us/abstracta/jmeter/jmeter-java-dsl/0.16/jmeter-java-dsl-0.16.jar:/home/diego/.m2/repository/org/apache/jmeter/ApacheJMeter_http/5.2.1/ApacheJMeter_http-5.2.1.jar:/home/diego/.m2/repository/org/apache/jmeter/ApacheJMeter_core/5.2.1/ApacheJMeter_core-5.2.1.jar:/home/diego/.m2/repository/org/apache/jmeter/ApacheJMeter/5.2.1/ApacheJMeter-5.2.1.jar:/home/diego/.m2/repository/org/apache/jmeter/jorphan/5.2.1/jorphan-5.2.1.jar:/home/diego/.m2/repository/bsf/bsf/2.4.0/bsf-2.4.0.jar:/home/diego/.m2/repository/com/fifesoft/rsyntaxtextarea/3.0.4/rsyntaxtextarea-3.0.4.jar:/home/diego/.m2/repository/net/sf/jtidy/jtidy/r938/jtidy-r938.jar:/home/diego/.m2/repository/org/apache/logging/log4j/log4j-1.2-api/2.12.1/log4j-1.2-api-2.12.1.jar:/home/diego/.m2/repository/org/apache/logging/log4j/log4j-api/2.12.1/log4j-api-2.12.1.jar:/home/diego/.m2/repository/org/apache/logging/log4j/log4j-core/2.12.1/log4j-core-2.12.1.jar:/home/diego/.m2/repository/org/apache/logging/log4j/log4j-slf4j-impl/2.12.1/log4j-slf4j-impl-2.12.1.jar:/home/diego/.m2/repository/xalan/xalan/2.7.2/xalan-2.7.2.jar:/home/diego/.m2/repository/xalan/serializer/2.7.2/serializer-2.7.2.jar:/home/diego/.m2/repository/net/sf/saxon/Saxon-HE/9.9.1-5/Saxon-HE-9.9.1-5.jar:/home/diego/.m2/repository/org/slf4j/jcl-over-slf4j/1.7.28/jcl-over-slf4j-1.7.28.jar:/home/diego/.m2/repository/com/fasterxml/jackson/core/jackson-core/2.9.10/jackson-core-2.9.10.jar:/home/diego/.m2/repository/com/fasterxml/jackson/core/jackson-databind/2.9.10/jackson-databind-2.9.10.jar:/home/diego/.m2/repository/com/miglayout/miglayout-swing/5.2/miglayout-swing-5.2.jar:/home/diego/.m2/repository/com/miglayout/miglayout-core/5.2/miglayout-core-5.2.jar:/home/diego/.m2/repository/org/freemarker/freemarker/2.3.29/freemarker-2.3.29.jar:/home/diego/.m2/repository/org/apache/xmlgraphics/xmlgraphics-commons/2.3/xmlgraphics-commons-2.3.jar:/home/diego/.m2/repository/org/apache/commons/commons-math3/3.6.1/commons-math3-3.6.1.jar:/home/diego/.m2/repository/org/apache/tika/tika-core/1.22/tika-core-1.22.jar:/home/diego/.m2/repository/org/jodd/jodd-core/5.0.13/jodd-core-5.0.13.jar:/home/diego/.m2/repository/org/jodd/jodd-props/5.0.13/jodd-props-5.0.13.jar:/home/diego/.m2/repository/org/codehaus/groovy/groovy-all/2.4.16/groovy-all-2.4.16.jar:/home/diego/.m2/repository/org/apache/tika/tika-parsers/1.22/tika-parsers-1.22.jar:/home/diego/.m2/repository/xerces/xercesImpl/2.12.0/xercesImpl-2.12.0.jar:/home/diego/.m2/repository/xml-apis/xml-apis/1.4.01/xml-apis-1.4.01.jar:/home/diego/.m2/repository/org/apache/jmeter/ApacheJMeter_components/5.2.1/ApacheJMeter_components-5.2.1.jar:/home/diego/.m2/repository/org/apache-extras/beanshell/bsh/2.0b6/bsh-2.0b6.jar:/home/diego/.m2/repository/javax/mail/mail/1.5.0-b01/mail-1.5.0-b01.jar:/home/diego/.m2/repository/io/burt/jmespath-core/0.3.0/jmespath-core-0.3.0.jar:/home/diego/.m2/repository/io/burt/jmespath-jackson/0.3.0/jmespath-jackson-0.3.0.jar:/home/diego/.m2/repository/jcharts/jcharts/0.7.5/jcharts-0.7.5.jar:/home/diego/.m2/repository/net/minidev/json-smart/2.3/json-smart-2.3.jar:/home/diego/.m2/repository/net/minidev/accessors-smart/1.2/accessors-smart-1.2.jar:/home/diego/.m2/repository/org/apache/commons/commons-pool2/2.7.0/commons-pool2-2.7.0.jar:/home/diego/.m2/repository/org/ow2/asm/asm/7.1/asm-7.1.jar:/home/diego/.m2/repository/org/jodd/jodd-log/5.0.13/jodd-log-5.0.13.jar:/home/diego/.m2/repository/com/jayway/jsonpath/json-path/2.4.0/json-path-2.4.0.jar:/home/diego/.m2/repository/org/apache/httpcomponents/httpasyncclient/4.1.4/httpasyncclient-4.1.4.jar:/home/diego/.m2/repository/org/apache/httpcomponents/httpcore-nio/4.4.12/httpcore-nio-4.4.12.jar:/home/diego/.m2/repository/com/sun/activation/javax.activation/1.2.0/javax.activation-1.2.0.jar:/home/diego/.m2/repository/com/thoughtworks/xstream/xstream/1.4.11/xstream-1.4.11.jar:/home/diego/.m2/repository/xmlpull/xmlpull/1.1.3.1/xmlpull-1.1.3.1.jar:/home/diego/.m2/repository/xpp3/xpp3_min/1.1.4c/xpp3_min-1.1.4c.jar:/home/diego/.m2/repository/com/github/ben-manes/caffeine/caffeine/2.8.0/caffeine-2.8.0.jar:/home/diego/.m2/repository/org/checkerframework/checker-qual/2.10.0/checker-qual-2.10.0.jar:/home/diego/.m2/repository/com/google/errorprone/error_prone_annotations/2.3.3/error_prone_annotations-2.3.3.jar:/home/diego/.m2/repository/org/apache/commons/commons-lang3/3.9/commons-lang3-3.9.jar:/home/diego/.m2/repository/org/apache/commons/commons-text/1.8/commons-text-1.8.jar:/home/diego/.m2/repository/org/jodd/jodd-lagarto/5.0.13/jodd-lagarto-5.0.13.jar:/home/diego/.m2/repository/org/jsoup/jsoup/1.12.1/jsoup-1.12.1.jar:/home/diego/.m2/repository/oro/oro/2.0.8/oro-2.0.8.jar:/home/diego/.m2/repository/commons-collections/commons-collections/3.2.2/commons-collections-3.2.2.jar:/home/diego/.m2/repository/commons-net/commons-net/3.6/commons-net-3.6.jar:/home/diego/.m2/repository/com/helger/ph-commons/9.3.7/ph-commons-9.3.7.jar:/home/diego/.m2/repository/com/helger/ph-css/6.2.0/ph-css-6.2.0.jar:/home/diego/.m2/repository/dnsjava/dnsjava/2.1.9/dnsjava-2.1.9.jar:/home/diego/.m2/repository/org/apache/httpcomponents/httpcore/4.4.12/httpcore-4.4.12.jar:/home/diego/.m2/repository/org/brotli/dec/0.1.2/dec-0.1.2.jar:/home/diego/.m2/repository/org/apache/jmeter/ApacheJMeter_functions/5.2.1/ApacheJMeter_functions-5.2.1.jar:/home/diego/.m2/repository/org/mozilla/rhino/1.7.11/rhino-1.7.11.jar:/home/diego/.m2/repository/commons-codec/commons-codec/1.13/commons-codec-1.13.jar:/home/diego/.m2/repository/org/apache/commons/commons-jexl/2.1.1/commons-jexl-2.1.1.jar:/home/diego/.m2/repository/org/apache/commons/commons-jexl3/3.1/commons-jexl3-3.1.jar:/home/diego/.m2/repository/org/apache/jmeter/ApacheJMeter_config/5.2.1/ApacheJMeter_config-5.2.1.jar:/home/diego/.m2/repository/org/eclipse/jetty/jetty-http/9.4.35.v20201120/jetty-http-9.4.35.v20201120.jar:/home/diego/.m2/repository/org/eclipse/jetty/jetty-util/9.4.35.v20201120/jetty-util-9.4.35.v20201120.jar:/home/diego/.m2/repository/org/eclipse/jetty/jetty-io/9.4.35.v20201120/jetty-io-9.4.35.v20201120.jar:/home/diego/.m2/repository/commons-io/commons-io/2.8.0/commons-io-2.8.0.jar:/home/diego/.m2/repository/io/rest-assured/rest-assured/4.4.0/rest-assured-4.4.0.jar:/home/diego/.m2/repository/org/codehaus/groovy/groovy/3.0.8/groovy-3.0.8.jar:/home/diego/.m2/repository/org/codehaus/groovy/groovy-xml/3.0.8/groovy-xml-3.0.8.jar:/home/diego/.m2/repository/org/apache/httpcomponents/httpclient/4.5.13/httpclient-4.5.13.jar:/home/diego/.m2/repository/commons-logging/commons-logging/1.2/commons-logging-1.2.jar:/home/diego/.m2/repository/org/apache/httpcomponents/httpmime/4.5.13/httpmime-4.5.13.jar:/home/diego/.m2/repository/org/ccil/cowan/tagsoup/tagsoup/1.2.1/tagsoup-1.2.1.jar:/home/diego/.m2/repository/io/rest-assured/json-path/4.4.0/json-path-4.4.0.jar:/home/diego/.m2/repository/org/codehaus/groovy/groovy-json/3.0.8/groovy-json-3.0.8.jar:/home/diego/.m2/repository/io/rest-assured/rest-assured-common/4.4.0/rest-assured-common-4.4.0.jar:/home/diego/.m2/repository/io/rest-assured/xml-path/4.4.0/xml-path-4.4.0.jar:/home/diego/.m2/repository/jakarta/xml/bind/jakarta.xml.bind-api/2.3.3/jakarta.xml.bind-api-2.3.3.jar:/home/diego/.m2/repository/jakarta/activation/jakarta.activation-api/1.2.2/jakarta.activation-api-1.2.2.jar:/home/diego/.m2/repository/com/sun/xml/bind/jaxb-impl/2.3.3/jaxb-impl-2.3.3.jar:"/>
    <property name="java.vm.vendor" value="Oracle Corporation"/>
    <property name="sun.arch.data.model" value="64"/>
    <property name="java.vendor.url" value="https://openjdk.java.net/"/>
    <property name="user.timezone" value="America/Recife"/>
    <property name="user.country.format" value="BR"/>
    <property name="java.vm.specification.version" value="11"/>
    <property name="os.name" value="Linux"/>
    <property name="sun.java.launcher" value="SUN_STANDARD"/>
    <property name="user.country" value="US"/>
    <property name="sun.boot.library.path" value="/home/diego/Development/graalvm-ce-java11-19.3.1/lib"/>
    <property name="sun.java.command" value="/home/diego/Development/projects/reality-show/integrated-tests/target/surefire/surefirebooter16965588584680232152.jar /home/diego/Development/projects/reality-show/integrated-tests/target/surefire 2021-06-14T00-22-07_693-jvmRun1 surefire15693078586547676444tmp surefire_013625379346255912780tmp"/>
    <property name="jdk.debug" value="release"/>
    <property name="surefire.test.class.path" value="/home/diego/Development/projects/reality-show/integrated-tests/target/test-classes:/home/diego/Development/projects/reality-show/integrated-tests/target/classes:/home/diego/.m2/repository/org/slf4j/slf4j-simple/1.7.30/slf4j-simple-1.7.30.jar:/home/diego/.m2/repository/org/slf4j/slf4j-api/1.7.30/slf4j-api-1.7.30.jar:/home/diego/.m2/repository/org/testcontainers/testcontainers/1.15.3/testcontainers-1.15.3.jar:/home/diego/.m2/repository/junit/junit/4.12/junit-4.12.jar:/home/diego/.m2/repository/org/hamcrest/hamcrest-core/1.3/hamcrest-core-1.3.jar:/home/diego/.m2/repository/org/apache/commons/commons-compress/1.20/commons-compress-1.20.jar:/home/diego/.m2/repository/org/rnorth/duct-tape/duct-tape/1.0.8/duct-tape-1.0.8.jar:/home/diego/.m2/repository/org/rnorth/visible-assertions/visible-assertions/2.1.2/visible-assertions-2.1.2.jar:/home/diego/.m2/repository/net/java/dev/jna/jna/5.2.0/jna-5.2.0.jar:/home/diego/.m2/repository/com/github/docker-java/docker-java-api/3.2.8/docker-java-api-3.2.8.jar:/home/diego/.m2/repository/com/fasterxml/jackson/core/jackson-annotations/2.10.3/jackson-annotations-2.10.3.jar:/home/diego/.m2/repository/com/github/docker-java/docker-java-transport-zerodep/3.2.8/docker-java-transport-zerodep-3.2.8.jar:/home/diego/.m2/repository/com/github/docker-java/docker-java-transport/3.2.8/docker-java-transport-3.2.8.jar:/home/diego/.m2/repository/org/testcontainers/mongodb/1.15.3/mongodb-1.15.3.jar:/home/diego/.m2/repository/org/testcontainers/rabbitmq/1.15.3/rabbitmq-1.15.3.jar:/home/diego/.m2/repository/org/awaitility/awaitility/4.1.0/awaitility-4.1.0.jar:/home/diego/.m2/repository/org/hamcrest/hamcrest/2.1/hamcrest-2.1.jar:/home/diego/.m2/repository/org/junit/jupiter/junit-jupiter-engine/5.7.2/junit-jupiter-engine-5.7.2.jar:/home/diego/.m2/repository/org/apiguardian/apiguardian-api/1.1.0/apiguardian-api-1.1.0.jar:/home/diego/.m2/repository/org/junit/platform/junit-platform-engine/1.7.2/junit-platform-engine-1.7.2.jar:/home/diego/.m2/repository/org/opentest4j/opentest4j/1.2.0/opentest4j-1.2.0.jar:/home/diego/.m2/repository/org/junit/platform/junit-platform-commons/1.7.2/junit-platform-commons-1.7.2.jar:/home/diego/.m2/repository/org/junit/jupiter/junit-jupiter-api/5.7.2/junit-jupiter-api-5.7.2.jar:/home/diego/.m2/repository/us/abstracta/jmeter/jmeter-java-dsl/0.16/jmeter-java-dsl-0.16.jar:/home/diego/.m2/repository/org/apache/jmeter/ApacheJMeter_http/5.2.1/ApacheJMeter_http-5.2.1.jar:/home/diego/.m2/repository/org/apache/jmeter/ApacheJMeter_core/5.2.1/ApacheJMeter_core-5.2.1.jar:/home/diego/.m2/repository/org/apache/jmeter/ApacheJMeter/5.2.1/ApacheJMeter-5.2.1.jar:/home/diego/.m2/repository/org/apache/jmeter/jorphan/5.2.1/jorphan-5.2.1.jar:/home/diego/.m2/repository/bsf/bsf/2.4.0/bsf-2.4.0.jar:/home/diego/.m2/repository/com/fifesoft/rsyntaxtextarea/3.0.4/rsyntaxtextarea-3.0.4.jar:/home/diego/.m2/repository/net/sf/jtidy/jtidy/r938/jtidy-r938.jar:/home/diego/.m2/repository/org/apache/logging/log4j/log4j-1.2-api/2.12.1/log4j-1.2-api-2.12.1.jar:/home/diego/.m2/repository/org/apache/logging/log4j/log4j-api/2.12.1/log4j-api-2.12.1.jar:/home/diego/.m2/repository/org/apache/logging/log4j/log4j-core/2.12.1/log4j-core-2.12.1.jar:/home/diego/.m2/repository/org/apache/logging/log4j/log4j-slf4j-impl/2.12.1/log4j-slf4j-impl-2.12.1.jar:/home/diego/.m2/repository/xalan/xalan/2.7.2/xalan-2.7.2.jar:/home/diego/.m2/repository/xalan/serializer/2.7.2/serializer-2.7.2.jar:/home/diego/.m2/repository/net/sf/saxon/Saxon-HE/9.9.1-5/Saxon-HE-9.9.1-5.jar:/home/diego/.m2/repository/org/slf4j/jcl-over-slf4j/1.7.28/jcl-over-slf4j-1.7.28.jar:/home/diego/.m2/repository/com/fasterxml/jackson/core/jackson-core/2.9.10/jackson-core-2.9.10.jar:/home/diego/.m2/repository/com/fasterxml/jackson/core/jackson-databind/2.9.10/jackson-databind-2.9.10.jar:/home/diego/.m2/repository/com/miglayout/miglayout-swing/5.2/miglayout-swing-5.2.jar:/home/diego/.m2/repository/com/miglayout/miglayout-core/5.2/miglayout-core-5.2.jar:/home/diego/.m2/repository/org/freemarker/freemarker/2.3.29/freemarker-2.3.29.jar:/home/diego/.m2/repository/org/apache/xmlgraphics/xmlgraphics-commons/2.3/xmlgraphics-commons-2.3.jar:/home/diego/.m2/repository/org/apache/commons/commons-math3/3.6.1/commons-math3-3.6.1.jar:/home/diego/.m2/repository/org/apache/tika/tika-core/1.22/tika-core-1.22.jar:/home/diego/.m2/repository/org/jodd/jodd-core/5.0.13/jodd-core-5.0.13.jar:/home/diego/.m2/repository/org/jodd/jodd-props/5.0.13/jodd-props-5.0.13.jar:/home/diego/.m2/repository/org/codehaus/groovy/groovy-all/2.4.16/groovy-all-2.4.16.jar:/home/diego/.m2/repository/org/apache/tika/tika-parsers/1.22/tika-parsers-1.22.jar:/home/diego/.m2/repository/xerces/xercesImpl/2.12.0/xercesImpl-2.12.0.jar:/home/diego/.m2/repository/xml-apis/xml-apis/1.4.01/xml-apis-1.4.01.jar:/home/diego/.m2/repository/org/apache/jmeter/ApacheJMeter_components/5.2.1/ApacheJMeter_components-5.2.1.jar:/home/diego/.m2/repository/org/apache-extras/beanshell/bsh/2.0b6/bsh-2.0b6.jar:/home/diego/.m2/repository/javax/mail/mail/1.5.0-b01/mail-1.5.0-b01.jar:/home/diego/.m2/repository/io/burt/jmespath-core/0.3.0/jmespath-core-0.3.0.jar:/home/diego/.m2/repository/io/burt/jmespath-jackson/0.3.0/jmespath-jackson-0.3.0.jar:/home/diego/.m2/repository/jcharts/jcharts/0.7.5/jcharts-0.7.5.jar:/home/diego/.m2/repository/net/minidev/json-smart/2.3/json-smart-2.3.jar:/home/diego/.m2/repository/net/minidev/accessors-smart/1.2/accessors-smart-1.2.jar:/home/diego/.m2/repository/org/apache/commons/commons-pool2/2.7.0/commons-pool2-2.7.0.jar:/home/diego/.m2/repository/org/ow2/asm/asm/7.1/asm-7.1.jar:/home/diego/.m2/repository/org/jodd/jodd-log/5.0.13/jodd-log-5.0.13.jar:/home/diego/.m2/repository/com/jayway/jsonpath/json-path/2.4.0/json-path-2.4.0.jar:/home/diego/.m2/repository/org/apache/httpcomponents/httpasyncclient/4.1.4/httpasyncclient-4.1.4.jar:/home/diego/.m2/repository/org/apache/httpcomponents/httpcore-nio/4.4.12/httpcore-nio-4.4.12.jar:/home/diego/.m2/repository/com/sun/activation/javax.activation/1.2.0/javax.activation-1.2.0.jar:/home/diego/.m2/repository/com/thoughtworks/xstream/xstream/1.4.11/xstream-1.4.11.jar:/home/diego/.m2/repository/xmlpull/xmlpull/1.1.3.1/xmlpull-1.1.3.1.jar:/home/diego/.m2/repository/xpp3/xpp3_min/1.1.4c/xpp3_min-1.1.4c.jar:/home/diego/.m2/repository/com/github/ben-manes/caffeine/caffeine/2.8.0/caffeine-2.8.0.jar:/home/diego/.m2/repository/org/checkerframework/checker-qual/2.10.0/checker-qual-2.10.0.jar:/home/diego/.m2/repository/com/google/errorprone/error_prone_annotations/2.3.3/error_prone_annotations-2.3.3.jar:/home/diego/.m2/repository/org/apache/commons/commons-lang3/3.9/commons-lang3-3.9.jar:/home/diego/.m2/repository/org/apache/commons/commons-text/1.8/commons-text-1.8.jar:/home/diego/.m2/repository/org/jodd/jodd-lagarto/5.0.13/jodd-lagarto-5.0.13.jar:/home/diego/.m2/repository/org/jsoup/jsoup/1.12.1/jsoup-1.12.1.jar:/home/diego/.m2/repository/oro/oro/2.0.8/oro-2.0.8.jar:/home/diego/.m2/repository/commons-collections/commons-collections/3.2.2/commons-collections-3.2.2.jar:/home/diego/.m2/repository/commons-net/commons-net/3.6/commons-net-3.6.jar:/home/diego/.m2/repository/com/helger/ph-commons/9.3.7/ph-commons-9.3.7.jar:/home/diego/.m2/repository/com/helger/ph-css/6.2.0/ph-css-6.2.0.jar:/home/diego/.m2/repository/dnsjava/dnsjava/2.1.9/dnsjava-2.1.9.jar:/home/diego/.m2/repository/org/apache/httpcomponents/httpcore/4.4.12/httpcore-4.4.12.jar:/home/diego/.m2/repository/org/brotli/dec/0.1.2/dec-0.1.2.jar:/home/diego/.m2/repository/org/apache/jmeter/ApacheJMeter_functions/5.2.1/ApacheJMeter_functions-5.2.1.jar:/home/diego/.m2/repository/org/mozilla/rhino/1.7.11/rhino-1.7.11.jar:/home/diego/.m2/repository/commons-codec/commons-codec/1.13/commons-codec-1.13.jar:/home/diego/.m2/repository/org/apache/commons/commons-jexl/2.1.1/commons-jexl-2.1.1.jar:/home/diego/.m2/repository/org/apache/commons/commons-jexl3/3.1/commons-jexl3-3.1.jar:/home/diego/.m2/repository/org/apache/jmeter/ApacheJMeter_config/5.2.1/ApacheJMeter_config-5.2.1.jar:/home/diego/.m2/repository/org/eclipse/jetty/jetty-http/9.4.35.v20201120/jetty-http-9.4.35.v20201120.jar:/home/diego/.m2/repository/org/eclipse/jetty/jetty-util/9.4.35.v20201120/jetty-util-9.4.35.v20201120.jar:/home/diego/.m2/repository/org/eclipse/jetty/jetty-io/9.4.35.v20201120/jetty-io-9.4.35.v20201120.jar:/home/diego/.m2/repository/commons-io/commons-io/2.8.0/commons-io-2.8.0.jar:/home/diego/.m2/repository/io/rest-assured/rest-assured/4.4.0/rest-assured-4.4.0.jar:/home/diego/.m2/repository/org/codehaus/groovy/groovy/3.0.8/groovy-3.0.8.jar:/home/diego/.m2/repository/org/codehaus/groovy/groovy-xml/3.0.8/groovy-xml-3.0.8.jar:/home/diego/.m2/repository/org/apache/httpcomponents/httpclient/4.5.13/httpclient-4.5.13.jar:/home/diego/.m2/repository/commons-logging/commons-logging/1.2/commons-logging-1.2.jar:/home/diego/.m2/repository/org/apache/httpcomponents/httpmime/4.5.13/httpmime-4.5.13.jar:/home/diego/.m2/repository/org/ccil/cowan/tagsoup/tagsoup/1.2.1/tagsoup-1.2.1.jar:/home/diego/.m2/repository/io/rest-assured/json-path/4.4.0/json-path-4.4.0.jar:/home/diego/.m2/repository/org/codehaus/groovy/groovy-json/3.0.8/groovy-json-3.0.8.jar:/home/diego/.m2/repository/io/rest-assured/rest-assured-common/4.4.0/rest-assured-common-4.4.0.jar:/home/diego/.m2/repository/io/rest-assured/xml-path/4.4.0/xml-path-4.4.0.jar:/home/diego/.m2/repository/jakarta/xml/bind/jakarta.xml.bind-api/2.3.3/jakarta.xml.bind-api-2.3.3.jar:/home/diego/.m2/repository/jakarta/activation/jakarta.activation-api/1.2.2/jakarta.activation-api-1.2.2.jar:/home/diego/.m2/repository/com/sun/xml/bind/jaxb-impl/2.3.3/jaxb-impl-2.3.3.jar:"/>
    <property name="sun.cpu.endian" value="little"/>
    <property name="user.home" value="/home/diego"/>
    <property name="user.language" value="en"/>
    <property name="java.specification.vendor" value="Oracle Corporation"/>
    <property name="java.version.date" value="2020-01-14"/>
    <property name="java.home" value="/home/diego/Development/graalvm-ce-java11-19.3.1"/>
    <property name="org.testcontainers.shaded.io.netty.packagePrefix" value="org.testcontainers.shaded."/>
    <property name="file.separator" value="/"/>
    <property name="basedir" value="/home/diego/Development/projects/reality-show/integrated-tests"/>
    <property name="java.vm.compressedOopsMode" value="Zero based"/>
    <property name="line.separator" value="&#10;"/>
    <property name="jdk.internal.vm.ci.enabled" value="true"/>
    <property name="java.specification.name" value="Java Platform API Specification"/>
    <property name="java.vm.specification.vendor" value="Oracle Corporation"/>
    <property name="java.awt.graphicsenv" value="sun.awt.X11GraphicsEnvironment"/>
    <property name="surefire.real.class.path" value="/home/diego/Development/projects/reality-show/integrated-tests/target/surefire/surefirebooter16965588584680232152.jar"/>
    <property name="sun.management.compiler" value="HotSpot 64-Bit Tiered Compilers"/>
    <property name="java.runtime.version" value="11.0.6+9-jvmci-19.3-b07"/>
    <property name="user.name" value="diego"/>
    <property name="path.separator" value=":"/>
    <property name="os.version" value="5.4.0-73-generic"/>
    <property name="java.runtime.name" value="OpenJDK Runtime Environment"/>
    <property name="file.encoding" value="UTF-8"/>
    <property name="jnidispatch.path" value="/home/diego/.cache/JNA/temp/jna10474115866716087068.tmp"/>
    <property name="java.vm.name" value="OpenJDK 64-Bit Server VM"/>
    <property name="jna.platform.library.path" value="/usr/lib/x86_64-linux-gnu:/lib/x86_64-linux-gnu:/usr/lib64:/lib64:/usr/lib:/lib:/lib/i386-linux-gnu:/usr/lib/x86_64-linux-gnu/libfakeroot"/>
    <property name="java.vendor.version" value="GraalVM CE 19.3.1"/>
    <property name="localRepository" value="/home/diego/.m2/repository"/>
    <property name="jna.loaded" value="true"/>
    <property name="java.vendor.url.bug" value="https://bugreport.java.com/bugreport/"/>
    <property name="java.io.tmpdir" value="/tmp"/>
    <property name="java.version" value="11.0.6"/>
    <property name="user.dir" value="/home/diego/Development/projects/reality-show/integrated-tests"/>
    <property name="os.arch" value="amd64"/>
    <property name="java.vm.specification.name" value="Java Virtual Machine Specification"/>
    <property name="java.awt.printerjob" value="sun.print.PSPrinterJob"/>
    <property name="user.language.format" value="pt"/>
    <property name="sun.os.patch.level" value="unknown"/>
    <property name="java.library.path" value="/usr/java/packages/lib:/usr/lib64:/lib64:/lib:/usr/lib"/>
    <property name="java.vendor" value="Oracle Corporation"/>
    <property name="java.vm.info" value="mixed mode, sharing"/>
    <property name="java.vm.version" value="11.0.6+9-jvmci-19.3-b07"/>
    <property name="sun.io.unicode.encoding" value="UnicodeLittle"/>
    <property name="java.class.version" value="55.0"/>
  </properties>
  <testcase name="testing" classname="com.example.realityshow.RealityShowIntegratedTests" time="0.018">
    <system-err><![CDATA[SLF4J: Class path contains multiple SLF4J bindings.
SLF4J: Found binding in [jar:file:/home/diego/.m2/repository/org/slf4j/slf4j-simple/1.7.30/slf4j-simple-1.7.30.jar!/org/slf4j/impl/StaticLoggerBinder.class]
SLF4J: Found binding in [jar:file:/home/diego/.m2/repository/org/apache/logging/log4j/log4j-slf4j-impl/2.12.1/log4j-slf4j-impl-2.12.1.jar!/org/slf4j/impl/StaticLoggerBinder.class]
SLF4J: See http://www.slf4j.org/codes.html#multiple_bindings for an explanation.
SLF4J: Actual binding is of type [org.slf4j.impl.SimpleLoggerFactory]
[main] INFO org.testcontainers.dockerclient.DockerClientProviderStrategy - Loaded org.testcontainers.dockerclient.UnixSocketClientProviderStrategy from ~/.testcontainers.properties, will try it first
[main] INFO org.testcontainers.dockerclient.DockerClientProviderStrategy - Found Docker environment with local Unix socket (unix:///var/run/docker.sock)
[main] INFO org.testcontainers.DockerClientFactory - Docker host IP address is localhost
[main] INFO org.testcontainers.DockerClientFactory - Connected to docker: 
  Server Version: 20.10.6
  API Version: 1.41
  Operating System: Ubuntu 20.04.2 LTS
  Total Memory: 15904 MB
[main] INFO org.testcontainers.utility.ImageNameSubstitutor - Image name substitution will be performed by: DefaultImageNameSubstitutor (composite of 'ConfigurationFileImageNameSubstitutor' and 'PrefixingImageNameSubstitutor')
[main] INFO org.testcontainers.utility.RegistryAuthLocator - Failure when attempting to lookup auth config. Please ignore if you don't have images in an authenticated registry. Details: (dockerImageName: testcontainers/ryuk:0.3.1, configFile: /home/diego/.docker/config.json. Falling back to docker-java default behaviour. Exception message: /home/diego/.docker/config.json (No such file or directory)
[main] INFO org.testcontainers.DockerClientFactory - Ryuk started - will monitor and terminate Testcontainers containers on JVM exit
[main] INFO org.testcontainers.DockerClientFactory - Checking the system...
[main] INFO org.testcontainers.DockerClientFactory - ✔︎ Docker server version should be at least 1.6.0
[main] INFO org.testcontainers.DockerClientFactory - ✔︎ Docker environment should have more than 2GB free disk space
[main] INFO org.testcontainers.containers.DockerComposeContainer - Preemptively checking local images for 'rabbitmq:3.8.16-management', referenced via a compose file or transitive Dockerfile. If not available, it will be pulled.
[main] INFO org.testcontainers.containers.DockerComposeContainer - Preemptively checking local images for 'mongo:latest', referenced via a compose file or transitive Dockerfile. If not available, it will be pulled.
[main] INFO org.testcontainers.containers.DockerComposeContainer - Preemptively checking local images for 'openjdk:14-jdk-alpine', referenced via a compose file or transitive Dockerfile. If not available, it will be pulled.
[main] INFO 🐳 [docker/compose:1.24.1] - Creating container for image: docker/compose:1.24.1
[main] INFO 🐳 [docker/compose:1.24.1] - Starting container with ID: c5d41a8f4dc43b190cd981870db7b2346c5bc655833b88db871dc56a4497ea8e
[main] INFO 🐳 [docker/compose:1.24.1] - Container docker/compose:1.24.1 is starting: c5d41a8f4dc43b190cd981870db7b2346c5bc655833b88db871dc56a4497ea8e
[main] INFO 🐳 [docker/compose:1.24.1] - Container docker/compose:1.24.1 started in PT3.052928S
[main] INFO 🐳 [docker/compose:1.24.1] - Docker Compose container is running for command: up -d
[main] INFO 🐳 [docker/compose:1.24.1] - Docker Compose has finished running
[main] INFO 🐳 [alpine/socat:1.7.3.4-r0] - Creating container for image: alpine/socat:1.7.3.4-r0
[docker-java-stream--226467668] INFO 🐳 [docker/compose:1.24.1] - STDERR: Creating network "prfmqypqtrkg_reality-show-network" with driver "bridge"
[docker-java-stream--226467668] INFO 🐳 [docker/compose:1.24.1] - STDERR: Creating prfmqypqtrkg_mongo_1 ... 
[docker-java-stream--226467668] INFO 🐳 [docker/compose:1.24.1] - STDERR: Creating prfmqypqtrkg_rabbitmq_1 ... 
[docker-java-stream--226467668] INFO 🐳 [docker/compose:1.24.1] - STDERR: &amp#27;[2A&amp#27;[2KCreating prfmqypqtrkg_mongo_1    ... done&amp#27;[2BCreating prfmqypqtrkg_realityshowvotes_1 ... 
[docker-java-stream--226467668] INFO 🐳 [docker/compose:1.24.1] - STDERR: &amp#27;[2A&amp#27;[2KCreating prfmqypqtrkg_rabbitmq_1         ... done&amp#27;[2BCreating prfmqypqtrkg_realityshowweb_1   ... 
[docker-java-stream--226467668] INFO 🐳 [docker/compose:1.24.1] - STDERR: &amp#27;[1A&amp#27;[2KCreating prfmqypqtrkg_realityshowweb_1   ... done&amp#27;[1B&amp#27;[2A&amp#27;[2KCreating prfmqypqtrkg_realityshowvotes_1 ... done&amp#27;[2B
[main] INFO 🐳 [alpine/socat:1.7.3.4-r0] - Starting container with ID: 71e733667a3b4b91cc5612a8280c8499c4e03519ef55051f7e7591435359425b
[main] INFO 🐳 [alpine/socat:1.7.3.4-r0] - Container alpine/socat:1.7.3.4-r0 is starting: 71e733667a3b4b91cc5612a8280c8499c4e03519ef55051f7e7591435359425b
[main] INFO 🐳 [alpine/socat:1.7.3.4-r0] - Container alpine/socat:1.7.3.4-r0 started in PT1.418796S
[docker-java-stream-475344090] INFO com.example.realityshow.IntegratedTest - STDOUT: 
[docker-java-stream-475344090] INFO com.example.realityshow.IntegratedTest - STDOUT:   .   ____          _            __ _ _
[docker-java-stream-475344090] INFO com.example.realityshow.IntegratedTest - STDOUT:  /\\ / ___'_ __ _ _(_)_ __  __ _ \ \ \ \
[docker-java-stream-475344090] INFO com.example.realityshow.IntegratedTest - STDOUT: ( ( )\___ | '_ | '_| | '_ \/ _` | \ \ \ \
[docker-java-stream-475344090] INFO com.example.realityshow.IntegratedTest - STDOUT:  \\/  ___)| |_)| | | | | || (_| |  ) ) ) )
[docker-java-stream-475344090] INFO com.example.realityshow.IntegratedTest - STDOUT:   '  |____| .__|_| |_|_| |_\__, | / / / /
[docker-java-stream-475344090] INFO com.example.realityshow.IntegratedTest - STDOUT:  =========|_|==============|___/=/_/_/_/
[docker-java-stream-475344090] INFO com.example.realityshow.IntegratedTest - STDOUT:  :: Spring Boot ::                (v2.4.5)
[docker-java-stream-475344090] INFO com.example.realityshow.IntegratedTest - STDOUT: 
[docker-java-stream-475344090] INFO com.example.realityshow.IntegratedTest - STDOUT: 2021-06-14 03:22:14.112  INFO 1 --- [           main] c.e.r.RealityShowWebApplication          : Starting RealityShowWebApplication v0.0.1-SNAPSHOT using Java 14-ea on 038582a9fea5 with PID 1 (/app.jar started by root in /)
[docker-java-stream-475344090] INFO com.example.realityshow.IntegratedTest - STDOUT: 2021-06-14 03:22:14.116  INFO 1 --- [           main] c.e.r.RealityShowWebApplication          : The following profiles are active: dev
[docker-java-stream-475344090] INFO com.example.realityshow.IntegratedTest - STDOUT: 2021-06-14 03:22:15.622  INFO 1 --- [           main] .s.d.r.c.RepositoryConfigurationDelegate : Bootstrapping Spring Data Reactive MongoDB repositories in DEFAULT mode.
[docker-java-stream-475344090] INFO com.example.realityshow.IntegratedTest - STDOUT: 2021-06-14 03:22:15.892  INFO 1 --- [           main] .s.d.r.c.RepositoryConfigurationDelegate : Finished Spring Data repository scanning in 256 ms. Found 1 Reactive MongoDB repository interfaces.
[docker-java-stream-475344090] INFO com.example.realityshow.IntegratedTest - STDOUT: 2021-06-14 03:22:16.849  INFO 1 --- [           main] org.mongodb.driver.cluster               : Cluster created with settings {hosts=[mongo:27017], mode=SINGLE, requiredClusterType=UNKNOWN, serverSelectionTimeout='30000 ms'}
[docker-java-stream-475344090] INFO com.example.realityshow.IntegratedTest - STDOUT: 2021-06-14 03:22:17.091  INFO 1 --- [l'}-mongo:27017] org.mongodb.driver.connection            : Opened connection [connectionId{localValue:1, serverValue:5}] to mongo:27017
[docker-java-stream-475344090] INFO com.example.realityshow.IntegratedTest - STDOUT: 2021-06-14 03:22:17.091  INFO 1 --- [l'}-mongo:27017] org.mongodb.driver.connection            : Opened connection [connectionId{localValue:2, serverValue:6}] to mongo:27017
[docker-java-stream-475344090] INFO com.example.realityshow.IntegratedTest - STDOUT: 2021-06-14 03:22:17.101  INFO 1 --- [l'}-mongo:27017] org.mongodb.driver.cluster               : Monitor thread successfully connected to server with description ServerDescription{address=mongo:27017, type=STANDALONE, state=CONNECTED, ok=true, minWireVersion=0, maxWireVersion=9, maxDocumentSize=16777216, logicalSessionTimeoutMinutes=30, roundTripTimeNanos=75598367}
[docker-java-stream-475344090] INFO com.example.realityshow.IntegratedTest - STDOUT: 2021-06-14 03:22:18.845  INFO 1 --- [           main] org.mongodb.driver.cluster               : Cluster created with settings {hosts=[mongo:27017], mode=SINGLE, requiredClusterType=UNKNOWN, serverSelectionTimeout='30000 ms'}
[docker-java-stream-475344090] INFO com.example.realityshow.IntegratedTest - STDOUT: 2021-06-14 03:22:18.954  INFO 1 --- [           main] o.s.b.web.embedded.netty.NettyWebServer  : Netty started on port 8080
[docker-java-stream-475344090] INFO com.example.realityshow.IntegratedTest - STDOUT: 2021-06-14 03:22:18.969  INFO 1 --- [           main] c.e.r.RealityShowWebApplication          : Started RealityShowWebApplication in 5.954 seconds (JVM running for 6.599)
[docker-java-stream-475344090] INFO com.example.realityshow.IntegratedTest - STDOUT: 2021-06-14 03:22:19.030  INFO 1 --- [l'}-mongo:27017] org.mongodb.driver.connection            : Opened connection [connectionId{localValue:4, serverValue:7}] to mongo:27017
[docker-java-stream-475344090] INFO com.example.realityshow.IntegratedTest - STDOUT: 2021-06-14 03:22:19.030  INFO 1 --- [l'}-mongo:27017] org.mongodb.driver.connection            : Opened connection [connectionId{localValue:3, serverValue:8}] to mongo:27017
[docker-java-stream-475344090] INFO com.example.realityshow.IntegratedTest - STDOUT: 2021-06-14 03:22:19.043  INFO 1 --- [l'}-mongo:27017] org.mongodb.driver.cluster               : Monitor thread successfully connected to server with description ServerDescription{address=mongo:27017, type=STANDALONE, state=CONNECTED, ok=true, minWireVersion=0, maxWireVersion=9, maxDocumentSize=16777216, logicalSessionTimeoutMinutes=30, roundTripTimeNanos=77425562}
]]></system-err>
  </testcase>
</testsuite>